0 info it worked if it ends with ok
1 verbose cli [ 'C:\\Program Files\\nodejs\\\\node.exe',
1 verbose cli   'C:\\Program Files\\nodejs\\node_modules\\npm\\bin\\npm-cli.js',
1 verbose cli   'install',
1 verbose cli   'grunt' ]
2 info using npm@1.4.3
3 info using node@v0.10.26
4 verbose node symlink C:\Program Files\nodejs\\node.exe
5 warn package.json aimwebsite@0.0.0 No repository field.
6 verbose readDependencies using package.json deps
7 verbose cache add [ 'grunt', null ]
8 verbose cache add name=undefined spec="grunt" args=["grunt",null]
9 verbose parsed url { protocol: null,
9 verbose parsed url   slashes: null,
9 verbose parsed url   auth: null,
9 verbose parsed url   host: null,
9 verbose parsed url   port: null,
9 verbose parsed url   hostname: null,
9 verbose parsed url   hash: null,
9 verbose parsed url   search: null,
9 verbose parsed url   query: null,
9 verbose parsed url   pathname: 'grunt',
9 verbose parsed url   path: 'grunt',
9 verbose parsed url   href: 'grunt' }
10 silly lockFile 20ff3fd8-grunt grunt
11 verbose lock grunt C:\Users\dell\AppData\Roaming\npm-cache\20ff3fd8-grunt.lock
12 silly lockFile 20ff3fd8-grunt grunt
13 silly lockFile 20ff3fd8-grunt grunt
14 verbose addNamed [ 'grunt', '' ]
15 verbose addNamed [ null, '*' ]
16 silly lockFile 55f1ff24-grunt grunt@
17 verbose lock grunt@ C:\Users\dell\AppData\Roaming\npm-cache\55f1ff24-grunt.lock
18 silly addNameRange { name: 'grunt', range: '*', hasData: false }
19 verbose url raw grunt
20 verbose url resolving [ 'https://registry.npmjs.org/', './grunt' ]
21 verbose url resolved https://registry.npmjs.org/grunt
22 info trying registry request attempt 1 at 13:40:11
23 http GET https://registry.npmjs.org/grunt
24 info retry will retry, error on last attempt: Error: getaddrinfo ENOTFOUND
25 info trying registry request attempt 2 at 13:40:21
26 http GET https://registry.npmjs.org/grunt
27 info retry will retry, error on last attempt: Error: getaddrinfo ENOTFOUND
28 info trying registry request attempt 3 at 13:41:21
29 http GET https://registry.npmjs.org/grunt
30 silly lockFile 55f1ff24-grunt grunt@
31 silly lockFile 55f1ff24-grunt grunt@
32 error network getaddrinfo ENOTFOUND
32 error network This is most likely not a problem with npm itself
32 error network and is related to network connectivity.
32 error network In most cases you are behind a proxy or have bad network settings.
32 error network
32 error network If you are behind a proxy, please make sure that the
32 error network 'proxy' config is set properly.  See: 'npm help config'
33 error System Windows_NT 6.1.7601
34 error command "C:\\Program Files\\nodejs\\\\node.exe" "C:\\Program Files\\nodejs\\node_modules\\npm\\bin\\npm-cli.js" "install" "grunt"
35 error cwd D:\AIM-Website\AIM-Website
36 error node -v v0.10.26
37 error npm -v 1.4.3
38 error syscall getaddrinfo
39 error code ENOTFOUND
40 error errno ENOTFOUND
41 verbose exit [ 1, true ]
